{"ts":"2026-03-18T09:54:50.036Z","type":"http","instanceId":"374e827a-b9ea-4ac0-a5ce-b879695277be","method":"GET","path":"/favicon.ico","status":404,"durationMs":1,"ip":"::1"}
{"ts":"2026-03-18T09:55:03.730Z","type":"http","instanceId":"374e827a-b9ea-4ac0-a5ce-b879695277be","method":"GET","path":"/ice","status":200,"durationMs":2,"ip":"::1"}
{"ts":"2026-03-18T09:55:05.865Z","type":"http","instanceId":"374e827a-b9ea-4ac0-a5ce-b879695277be","method":"GET","path":"/ice","status":304,"durationMs":1,"ip":"::1"}
{"ts":"2026-03-18T09:55:19.507Z","type":"permanent-room-created","instanceId":"374e827a-b9ea-4ac0-a5ce-b879695277be","roomId":"86a5834c-addc-4695-85a2-88f687f5fee5"}
{"ts":"2026-03-18T09:55:19.508Z","type":"http","instanceId":"374e827a-b9ea-4ac0-a5ce-b879695277be","method":"POST","path":"/rooms/permanent","status":201,"durationMs":2,"ip":"::1"}
{"ts":"2026-03-18T09:55:25.143Z","type":"http","instanceId":"374e827a-b9ea-4ac0-a5ce-b879695277be","method":"GET","path":"/rooms/permanent","status":200,"durationMs":1,"ip":"::1"}
{"ts":"2026-03-18T09:55:28.925Z","type":"http","instanceId":"374e827a-b9ea-4ac0-a5ce-b879695277be","method":"GET","path":"/ice","status":304,"durationMs":1,"ip":"::1"}
{"ts":"2026-03-18T09:55:35.791Z","type":"http","instanceId":"374e827a-b9ea-4ac0-a5ce-b879695277be","method":"GET","path":"/ice","status":304,"durationMs":1,"ip":"::1"}
{"ts":"2026-03-18T09:55:39.854Z","type":"http","instanceId":"374e827a-b9ea-4ac0-a5ce-b879695277be","method":"GET","path":"/ice","status":304,"durationMs":0,"ip":"::1"}
{"ts":"2026-03-18T09:55:48.746Z","type":"http","instanceId":"374e827a-b9ea-4ac0-a5ce-b879695277be","method":"POST","path":"/rooms/session","status":401,"durationMs":0,"ip":"::1"}
{"ts":"2026-03-18T09:55:50.863Z","type":"http","instanceId":"374e827a-b9ea-4ac0-a5ce-b879695277be","method":"GET","path":"/rooms/session","status":401,"durationMs":1,"ip":"::1"}
{"ts":"2026-03-18T09:55:53.055Z","type":"http","instanceId":"374e827a-b9ea-4ac0-a5ce-b879695277be","method":"GET","path":"/rooms/session","status":401,"durationMs":0,"ip":"::1"}
{"ts":"2026-03-18T09:55:53.723Z","type":"http","instanceId":"374e827a-b9ea-4ac0-a5ce-b879695277be","method":"POST","path":"/rooms/session","status":401,"durationMs":0,"ip":"::1"}
{"ts":"2026-03-18T09:55:54.202Z","type":"http","instanceId":"374e827a-b9ea-4ac0-a5ce-b879695277be","method":"GET","path":"/rooms/session","status":401,"durationMs":0,"ip":"::1"}
{"ts":"2026-03-18T09:55:56.937Z","type":"http","instanceId":"374e827a-b9ea-4ac0-a5ce-b879695277be","method":"GET","path":"/rooms/session","status":401,"durationMs":1,"ip":"::1"}
{"ts":"2026-03-18T09:55:58.438Z","type":"http","instanceId":"374e827a-b9ea-4ac0-a5ce-b879695277be","method":"GET","path":"/rooms/permanent","status":401,"durationMs":0,"ip":"::1"}
{"ts":"2026-03-18T09:55:59.563Z","type":"http","instanceId":"374e827a-b9ea-4ac0-a5ce-b879695277be","method":"GET","path":"/rooms/permanent","status":401,"durationMs":1,"ip":"::1"}
{"ts":"2026-03-18T09:56:01.928Z","type":"http","instanceId":"374e827a-b9ea-4ac0-a5ce-b879695277be","method":"GET","path":"/rooms/permanent","status":401,"durationMs":0,"ip":"::1"}
{"ts":"2026-03-18T09:56:03.233Z","type":"http","instanceId":"374e827a-b9ea-4ac0-a5ce-b879695277be","method":"POST","path":"/rooms/permanent","status":401,"durationMs":1,"ip":"::1"}
{"ts":"2026-03-18T09:56:04.270Z","type":"http","instanceId":"374e827a-b9ea-4ac0-a5ce-b879695277be","method":"GET","path":"/rooms/permanent","status":401,"durationMs":1,"ip":"::1"}
{"ts":"2026-03-18T09:56:08.680Z","type":"http","instanceId":"374e827a-b9ea-4ac0-a5ce-b879695277be","method":"POST","path":"/rooms/permanent","status":401,"durationMs":0,"ip":"::1"}
{"ts":"2026-03-18T09:56:09.159Z","type":"http","instanceId":"374e827a-b9ea-4ac0-a5ce-b879695277be","method":"GET","path":"/rooms/permanent","status":401,"durationMs":1,"ip":"::1"}
{"ts":"2026-03-18T09:56:21.604Z","type":"http","instanceId":"374e827a-b9ea-4ac0-a5ce-b879695277be","method":"GET","path":"/.well-known/appspecific/com.chrome.devtools.json","status":404,"durationMs":0,"ip":"::1"}
{"ts":"2026-03-18T09:56:47.383Z","type":"http","instanceId":"374e827a-b9ea-4ac0-a5ce-b879695277be","method":"GET","path":"/rooms/permanent","status":304,"durationMs":0,"ip":"::1"}
{"ts":"2026-03-18T09:56:48.659Z","type":"http","instanceId":"374e827a-b9ea-4ac0-a5ce-b879695277be","method":"GET","path":"/rooms/permanent","status":304,"durationMs":1,"ip":"::1"}
{"ts":"2026-03-18T09:56:49.090Z","type":"http","instanceId":"374e827a-b9ea-4ac0-a5ce-b879695277be","method":"GET","path":"/rooms/session","status":200,"durationMs":0,"ip":"::1"}
{"ts":"2026-03-18T09:56:51.378Z","type":"http","instanceId":"374e827a-b9ea-4ac0-a5ce-b879695277be","method":"GET","path":"/ice","status":304,"durationMs":0,"ip":"::1"}
{"ts":"2026-03-18T09:56:55.845Z","type":"permanent-room-created","instanceId":"374e827a-b9ea-4ac0-a5ce-b879695277be","roomId":"6fca1a7b-0ca9-4e8f-a23d-ec85f7bd14e5"}
{"ts":"2026-03-18T09:56:55.846Z","type":"http","instanceId":"374e827a-b9ea-4ac0-a5ce-b879695277be","method":"POST","path":"/rooms/permanent","status":201,"durationMs":1,"ip":"::1"}
{"ts":"2026-03-18T09:56:56.631Z","type":"http","instanceId":"374e827a-b9ea-4ac0-a5ce-b879695277be","method":"GET","path":"/rooms/permanent","status":200,"durationMs":0,"ip":"::1"}
{"ts":"2026-03-18T09:57:01.427Z","type":"http","instanceId":"374e827a-b9ea-4ac0-a5ce-b879695277be","method":"GET","path":"/ice","status":304,"durationMs":0,"ip":"::1"}
{"ts":"2026-03-18T09:57:13.113Z","type":"http","instanceId":"374e827a-b9ea-4ac0-a5ce-b879695277be","method":"GET","path":"/ice","status":304,"durationMs":1,"ip":"::1"}
{"ts":"2026-03-18T09:59:22.143Z","type":"http","instanceId":"ff5d7a16-bfbf-4798-9cad-2297b0bf7dd5","method":"GET","path":"/.well-known/appspecific/com.chrome.devtools.json","status":404,"durationMs":1,"ip":"::1"}
{"ts":"2026-03-18T09:59:22.219Z","type":"http","instanceId":"ff5d7a16-bfbf-4798-9cad-2297b0bf7dd5","method":"GET","path":"/favicon.ico","status":404,"durationMs":1,"ip":"::1"}
{"ts":"2026-03-18T09:59:34.005Z","type":"http","instanceId":"ff5d7a16-bfbf-4798-9cad-2297b0bf7dd5","method":"GET","path":"/rooms/permanent","status":200,"durationMs":1,"ip":"::1"}
{"ts":"2026-03-18T09:59:36.543Z","type":"http","instanceId":"ff5d7a16-bfbf-4798-9cad-2297b0bf7dd5","method":"GET","path":"/ice","status":200,"durationMs":1,"ip":"::1"}
{"ts":"2026-03-18T09:59:40.183Z","type":"http","instanceId":"ff5d7a16-bfbf-4798-9cad-2297b0bf7dd5","method":"GET","path":"/ice","status":304,"durationMs":1,"ip":"::1"}
{"ts":"2026-03-18T09:59:40.800Z","type":"http","instanceId":"ff5d7a16-bfbf-4798-9cad-2297b0bf7dd5","method":"GET","path":"/ice","status":304,"durationMs":1,"ip":"::1"}
{"ts":"2026-03-18T09:59:41.183Z","type":"http","instanceId":"ff5d7a16-bfbf-4798-9cad-2297b0bf7dd5","method":"GET","path":"/ice","status":304,"durationMs":1,"ip":"::1"}
{"ts":"2026-03-18T09:59:41.547Z","type":"http","instanceId":"ff5d7a16-bfbf-4798-9cad-2297b0bf7dd5","method":"GET","path":"/ice","status":304,"durationMs":0,"ip":"::1"}
{"ts":"2026-03-18T09:59:42.416Z","type":"http","instanceId":"ff5d7a16-bfbf-4798-9cad-2297b0bf7dd5","method":"GET","path":"/ice","status":304,"durationMs":0,"ip":"::1"}
{"ts":"2026-03-18T09:59:42.587Z","type":"http","instanceId":"ff5d7a16-bfbf-4798-9cad-2297b0bf7dd5","method":"GET","path":"/ice","status":304,"durationMs":0,"ip":"::1"}
{"ts":"2026-03-18T09:59:42.753Z","type":"http","instanceId":"ff5d7a16-bfbf-4798-9cad-2297b0bf7dd5","method":"GET","path":"/ice","status":304,"durationMs":0,"ip":"::1"}
{"ts":"2026-03-18T10:00:35.819Z","type":"http","instanceId":"c6c3a6d3-3a7d-4e5f-8195-2d40016b2540","method":"GET","path":"/.well-known/appspecific/com.chrome.devtools.json","status":404,"durationMs":3,"ip":"::1"}
{"ts":"2026-03-18T10:00:39.316Z","type":"http","instanceId":"c6c3a6d3-3a7d-4e5f-8195-2d40016b2540","method":"GET","path":"/rooms/permanent","status":401,"durationMs":1,"ip":"::1"}
{"ts":"2026-03-18T10:00:48.398Z","type":"http","instanceId":"c6c3a6d3-3a7d-4e5f-8195-2d40016b2540","method":"GET","path":"/rooms/permanent","status":304,"durationMs":1,"ip":"::1"}
{"ts":"2026-03-18T10:00:51.289Z","type":"http","instanceId":"c6c3a6d3-3a7d-4e5f-8195-2d40016b2540","method":"GET","path":"/ice","status":304,"durationMs":1,"ip":"::1"}
{"ts":"2026-03-18T10:01:06.137Z","type":"http","instanceId":"c6c3a6d3-3a7d-4e5f-8195-2d40016b2540","method":"GET","path":"/ice","status":304,"durationMs":0,"ip":"::1"}
{"ts":"2026-03-18T10:01:09.076Z","type":"http","instanceId":"c6c3a6d3-3a7d-4e5f-8195-2d40016b2540","method":"GET","path":"/ice","status":304,"durationMs":0,"ip":"::1"}
{"ts":"2026-03-18T10:01:09.083Z","type":"peer-joined","instanceId":"c6c3a6d3-3a7d-4e5f-8195-2d40016b2540","roomId":"6fca1a7b-0ca9-4e8f-a23d-ec85f7bd14e5","peerId":"5d20040d-2cc6-474a-ab5b-75b558104199"}
{"ts":"2026-03-18T10:22:00.082Z","type":"http","instanceId":"c5504221-cdc9-4bea-9d09-c45501293365","method":"GET","path":"/rooms/permanent","status":200,"durationMs":2,"ip":"::1"}
{"ts":"2026-03-18T10:22:04.575Z","type":"http","instanceId":"c5504221-cdc9-4bea-9d09-c45501293365","method":"GET","path":"/ice","status":304,"durationMs":1,"ip":"::1"}
{"ts":"2026-03-18T10:22:06.079Z","type":"http","instanceId":"c5504221-cdc9-4bea-9d09-c45501293365","method":"GET","path":"/ice","status":304,"durationMs":0,"ip":"::1"}
{"ts":"2026-03-18T10:22:06.085Z","type":"peer-joined","instanceId":"c5504221-cdc9-4bea-9d09-c45501293365","roomId":"6fca1a7b-0ca9-4e8f-a23d-ec85f7bd14e5","peerId":"8f063782-01c1-41af-8489-f4f841ed8a6e"}
{"ts":"2026-03-18T10:22:30.912Z","type":"peer-left","instanceId":"c5504221-cdc9-4bea-9d09-c45501293365","roomId":"6fca1a7b-0ca9-4e8f-a23d-ec85f7bd14e5","peerId":"8f063782-01c1-41af-8489-f4f841ed8a6e"}
{"ts":"2026-03-18T10:22:31.656Z","type":"http","instanceId":"c5504221-cdc9-4bea-9d09-c45501293365","method":"GET","path":"/ice","status":304,"durationMs":0,"ip":"::1"}
{"ts":"2026-03-18T10:22:31.659Z","type":"peer-joined","instanceId":"c5504221-cdc9-4bea-9d09-c45501293365","roomId":"6fca1a7b-0ca9-4e8f-a23d-ec85f7bd14e5","peerId":"df1c6469-c4cd-4993-98c1-32da453dc7de"}
{"ts":"2026-03-18T10:25:17.485Z","type":"http","instanceId":"c6db9d1c-6937-4cfd-bd32-802b8def4da9","method":"GET","path":"/rooms/permanent","status":304,"durationMs":2,"ip":"::1"}
{"ts":"2026-03-18T10:25:20.211Z","type":"http","instanceId":"c6db9d1c-6937-4cfd-bd32-802b8def4da9","method":"GET","path":"/ice","status":304,"durationMs":0,"ip":"::1"}
{"ts":"2026-03-18T10:25:22.194Z","type":"http","instanceId":"c6db9d1c-6937-4cfd-bd32-802b8def4da9","method":"GET","path":"/ice","status":304,"durationMs":1,"ip":"::1"}
{"ts":"2026-03-18T10:25:22.200Z","type":"peer-joined","instanceId":"c6db9d1c-6937-4cfd-bd32-802b8def4da9","roomId":"86a5834c-addc-4695-85a2-88f687f5fee5","peerId":"d9c23675-fd8f-4138-b640-b99a57a4cf0c"}
{"ts":"2026-03-18T10:25:27.956Z","type":"peer-left","instanceId":"c6db9d1c-6937-4cfd-bd32-802b8def4da9","roomId":"86a5834c-addc-4695-85a2-88f687f5fee5","peerId":"d9c23675-fd8f-4138-b640-b99a57a4cf0c"}
{"ts":"2026-03-18T10:25:28.388Z","type":"http","instanceId":"c6db9d1c-6937-4cfd-bd32-802b8def4da9","method":"GET","path":"/ice","status":304,"durationMs":1,"ip":"::1"}
{"ts":"2026-03-18T10:25:28.391Z","type":"peer-joined","instanceId":"c6db9d1c-6937-4cfd-bd32-802b8def4da9","roomId":"86a5834c-addc-4695-85a2-88f687f5fee5","peerId":"b8549b60-bcb7-43d5-9c3b-f91304a63820"}
{"ts":"2026-03-18T10:25:36.974Z","type":"http","instanceId":"c6db9d1c-6937-4cfd-bd32-802b8def4da9","method":"GET","path":"/favicon.ico","status":404,"durationMs":2,"ip":"::1"}
{"ts":"2026-03-18T10:25:57.975Z","type":"http","instanceId":"c6db9d1c-6937-4cfd-bd32-802b8def4da9","method":"GET","path":"/ice","status":200,"durationMs":0,"ip":"::1"}
{"ts":"2026-03-18T10:25:57.979Z","type":"peer-joined","instanceId":"c6db9d1c-6937-4cfd-bd32-802b8def4da9","roomId":"86a5834c-addc-4695-85a2-88f687f5fee5","peerId":"5c4fd288-6e52-4ef6-a2d2-ce355a4b9e84"}
{"ts":"2026-03-18T10:26:04.161Z","type":"http","instanceId":"c6db9d1c-6937-4cfd-bd32-802b8def4da9","method":"GET","path":"/favicon.ico","status":404,"durationMs":0,"ip":"::1"}
{"ts":"2026-03-18T10:27:53.633Z","type":"peer-left","instanceId":"c6db9d1c-6937-4cfd-bd32-802b8def4da9","roomId":"86a5834c-addc-4695-85a2-88f687f5fee5","peerId":"5c4fd288-6e52-4ef6-a2d2-ce355a4b9e84"}
{"ts":"2026-03-18T10:27:59.704Z","type":"http","instanceId":"c6db9d1c-6937-4cfd-bd32-802b8def4da9","method":"GET","path":"/ice","status":304,"durationMs":0,"ip":"::1"}
{"ts":"2026-03-18T10:27:59.705Z","type":"peer-joined","instanceId":"c6db9d1c-6937-4cfd-bd32-802b8def4da9","roomId":"86a5834c-addc-4695-85a2-88f687f5fee5","peerId":"9ff92f41-66e9-434d-a72f-ab05125eebfc"}
{"ts":"2026-03-18T10:28:01.857Z","type":"http","instanceId":"c6db9d1c-6937-4cfd-bd32-802b8def4da9","method":"GET","path":"/favicon.ico","status":404,"durationMs":0,"ip":"::1"}
{"ts":"2026-03-18T10:28:07.125Z","type":"peer-left","instanceId":"c6db9d1c-6937-4cfd-bd32-802b8def4da9","roomId":"86a5834c-addc-4695-85a2-88f687f5fee5","peerId":"9ff92f41-66e9-434d-a72f-ab05125eebfc"}
{"ts":"2026-03-18T10:28:12.089Z","type":"http","instanceId":"c6db9d1c-6937-4cfd-bd32-802b8def4da9","method":"GET","path":"/ice","status":304,"durationMs":0,"ip":"::1"}
{"ts":"2026-03-18T10:28:12.092Z","type":"peer-joined","instanceId":"c6db9d1c-6937-4cfd-bd32-802b8def4da9","roomId":"86a5834c-addc-4695-85a2-88f687f5fee5","peerId":"a1720e01-aaa6-4503-ad09-ce168a3af4b1"}
{"ts":"2026-03-18T10:28:18.027Z","type":"http","instanceId":"c6db9d1c-6937-4cfd-bd32-802b8def4da9","method":"GET","path":"/favicon.ico","status":404,"durationMs":1,"ip":"::1"}
{"ts":"2026-03-18T10:35:22.413Z","type":"http","instanceId":"d10e7206-8be4-4c00-934a-370d8125bfe9","method":"GET","path":"/favicon.ico","status":404,"durationMs":3,"ip":"::1"}
{"ts":"2026-03-18T10:35:23.822Z","type":"http","instanceId":"d10e7206-8be4-4c00-934a-370d8125bfe9","method":"GET","path":"/rooms/permanent","status":304,"durationMs":3,"ip":"::1"}
{"ts":"2026-03-18T10:35:27.198Z","type":"http","instanceId":"d10e7206-8be4-4c00-934a-370d8125bfe9","method":"GET","path":"/ice","status":304,"durationMs":1,"ip":"::1"}
{"ts":"2026-03-18T10:35:27.206Z","type":"peer-joined","instanceId":"d10e7206-8be4-4c00-934a-370d8125bfe9","roomId":"86a5834c-addc-4695-85a2-88f687f5fee5","peerId":"d037fb91-175d-43ae-9b3d-ad8d73a28ef8"}
{"ts":"2026-03-18T10:35:42.659Z","type":"http","instanceId":"d10e7206-8be4-4c00-934a-370d8125bfe9","method":"GET","path":"/rooms/permanent","status":200,"durationMs":1,"ip":"::1"}
{"ts":"2026-03-18T10:35:44.829Z","type":"http","instanceId":"d10e7206-8be4-4c00-934a-370d8125bfe9","method":"GET","path":"/ice","status":200,"durationMs":0,"ip":"::1"}
{"ts":"2026-03-18T10:35:44.832Z","type":"peer-joined","instanceId":"d10e7206-8be4-4c00-934a-370d8125bfe9","roomId":"86a5834c-addc-4695-85a2-88f687f5fee5","peerId":"9789c2e5-7f53-4d85-ad2a-f2aac8ca6188"}
{"ts":"2026-03-18T10:36:04.092Z","type":"http","instanceId":"d10e7206-8be4-4c00-934a-370d8125bfe9","method":"GET","path":"/favicon.ico","status":404,"durationMs":0,"ip":"::1"}
{"ts":"2026-03-18T10:36:29.442Z","type":"peer-left","instanceId":"d10e7206-8be4-4c00-934a-370d8125bfe9","roomId":"86a5834c-addc-4695-85a2-88f687f5fee5","peerId":"d037fb91-175d-43ae-9b3d-ad8d73a28ef8"}
{"ts":"2026-03-18T10:36:29.845Z","type":"http","instanceId":"d10e7206-8be4-4c00-934a-370d8125bfe9","method":"GET","path":"/ice","status":304,"durationMs":1,"ip":"::1"}
{"ts":"2026-03-18T10:36:29.847Z","type":"peer-joined","instanceId":"d10e7206-8be4-4c00-934a-370d8125bfe9","roomId":"86a5834c-addc-4695-85a2-88f687f5fee5","peerId":"a795abc4-1d79-4b34-a5cb-46caf7c017c4"}
{"ts":"2026-03-18T10:36:41.704Z","type":"http","instanceId":"d10e7206-8be4-4c00-934a-370d8125bfe9","method":"GET","path":"/favicon.ico","status":404,"durationMs":1,"ip":"::1"}
{"ts":"2026-03-18T10:39:25.312Z","type":"http","instanceId":"afd20fe8-9895-4c0b-8883-f28ca61a9fe8","method":"GET","path":"/rooms/permanent","status":304,"durationMs":2,"ip":"::1"}
{"ts":"2026-03-18T10:39:29.477Z","type":"http","instanceId":"afd20fe8-9895-4c0b-8883-f28ca61a9fe8","method":"GET","path":"/ice","status":304,"durationMs":0,"ip":"::1"}
{"ts":"2026-03-18T10:39:29.486Z","type":"peer-joined","instanceId":"afd20fe8-9895-4c0b-8883-f28ca61a9fe8","roomId":"86a5834c-addc-4695-85a2-88f687f5fee5","peerId":"d6c7af56-e11a-4a7d-8af3-35cc82b6c7cf"}
{"ts":"2026-03-18T10:39:37.319Z","type":"peer-left","instanceId":"afd20fe8-9895-4c0b-8883-f28ca61a9fe8","roomId":"86a5834c-addc-4695-85a2-88f687f5fee5","peerId":"d6c7af56-e11a-4a7d-8af3-35cc82b6c7cf"}
{"ts":"2026-03-18T10:39:37.762Z","type":"http","instanceId":"afd20fe8-9895-4c0b-8883-f28ca61a9fe8","method":"GET","path":"/ice","status":304,"durationMs":1,"ip":"::1"}
{"ts":"2026-03-18T10:39:37.765Z","type":"peer-joined","instanceId":"afd20fe8-9895-4c0b-8883-f28ca61a9fe8","roomId":"86a5834c-addc-4695-85a2-88f687f5fee5","peerId":"04995253-17aa-4171-8a6f-8dfc34e70d90"}
{"ts":"2026-03-18T10:39:39.406Z","type":"http","instanceId":"afd20fe8-9895-4c0b-8883-f28ca61a9fe8","method":"GET","path":"/favicon.ico","status":404,"durationMs":1,"ip":"::1"}
{"ts":"2026-03-18T10:39:49.257Z","type":"http","instanceId":"afd20fe8-9895-4c0b-8883-f28ca61a9fe8","method":"GET","path":"/rooms/permanent","status":304,"durationMs":1,"ip":"::1"}
{"ts":"2026-03-18T10:39:51.756Z","type":"http","instanceId":"afd20fe8-9895-4c0b-8883-f28ca61a9fe8","method":"GET","path":"/ice","status":304,"durationMs":1,"ip":"::1"}
{"ts":"2026-03-18T10:39:51.760Z","type":"peer-joined","instanceId":"afd20fe8-9895-4c0b-8883-f28ca61a9fe8","roomId":"86a5834c-addc-4695-85a2-88f687f5fee5","peerId":"60e789eb-e110-4d40-991d-218524d62832"}
{"ts":"2026-03-18T10:39:53.668Z","type":"http","instanceId":"afd20fe8-9895-4c0b-8883-f28ca61a9fe8","method":"GET","path":"/favicon.ico","status":404,"durationMs":1,"ip":"::1"}
{"ts":"2026-03-18T11:11:16.308Z","type":"http","instanceId":"fd71117d-d7ed-4013-8890-97680d46b4e0","method":"GET","path":"/rooms/permanent","status":304,"durationMs":1,"ip":"::ffff:127.0.0.1"}
{"ts":"2026-03-18T11:11:22.152Z","type":"http","instanceId":"fd71117d-d7ed-4013-8890-97680d46b4e0","method":"GET","path":"/ice","status":304,"durationMs":0,"ip":"::ffff:127.0.0.1"}
{"ts":"2026-03-18T11:11:22.159Z","type":"peer-joined","instanceId":"fd71117d-d7ed-4013-8890-97680d46b4e0","roomId":"86a5834c-addc-4695-85a2-88f687f5fee5","peerId":"024c0dce-9656-42d8-b836-d002fb0e6cfd"}
{"ts":"2026-03-18T11:11:25.264Z","type":"peer-left","instanceId":"fd71117d-d7ed-4013-8890-97680d46b4e0","roomId":"86a5834c-addc-4695-85a2-88f687f5fee5","peerId":"024c0dce-9656-42d8-b836-d002fb0e6cfd"}
{"ts":"2026-03-18T11:11:25.602Z","type":"http","instanceId":"fd71117d-d7ed-4013-8890-97680d46b4e0","method":"GET","path":"/ice","status":304,"durationMs":0,"ip":"::ffff:127.0.0.1"}
{"ts":"2026-03-18T11:11:25.605Z","type":"peer-joined","instanceId":"fd71117d-d7ed-4013-8890-97680d46b4e0","roomId":"86a5834c-addc-4695-85a2-88f687f5fee5","peerId":"b94f5b17-971b-438b-8997-7eda962ca3a3"}
{"ts":"2026-03-18T11:11:33.106Z","type":"http","instanceId":"fd71117d-d7ed-4013-8890-97680d46b4e0","method":"GET","path":"/rooms/permanent","status":304,"durationMs":1,"ip":"::1"}
{"ts":"2026-03-18T11:11:35.685Z","type":"http","instanceId":"fd71117d-d7ed-4013-8890-97680d46b4e0","method":"GET","path":"/ice","status":304,"durationMs":1,"ip":"::1"}
{"ts":"2026-03-18T11:11:35.687Z","type":"peer-joined","instanceId":"fd71117d-d7ed-4013-8890-97680d46b4e0","roomId":"86a5834c-addc-4695-85a2-88f687f5fee5","peerId":"aca64f55-b0d0-4c85-9176-32abeee998ae"}
{"ts":"2026-03-18T11:11:39.622Z","type":"http","instanceId":"fd71117d-d7ed-4013-8890-97680d46b4e0","method":"GET","path":"/favicon.ico","status":404,"durationMs":1,"ip":"::ffff:127.0.0.1"}
{"ts":"2026-03-18T11:11:45.517Z","type":"http","instanceId":"fd71117d-d7ed-4013-8890-97680d46b4e0","method":"GET","path":"/favicon.ico","status":404,"durationMs":1,"ip":"::1"}
{"ts":"2026-03-18T11:12:01.706Z","type":"peer-left","instanceId":"fd71117d-d7ed-4013-8890-97680d46b4e0","roomId":"86a5834c-addc-4695-85a2-88f687f5fee5","peerId":"b94f5b17-971b-438b-8997-7eda962ca3a3"}
{"ts":"2026-03-18T11:12:08.183Z","type":"http","instanceId":"fd71117d-d7ed-4013-8890-97680d46b4e0","method":"GET","path":"/ice","status":304,"durationMs":0,"ip":"::1"}
{"ts":"2026-03-18T11:12:08.185Z","type":"peer-joined","instanceId":"fd71117d-d7ed-4013-8890-97680d46b4e0","roomId":"86a5834c-addc-4695-85a2-88f687f5fee5","peerId":"0482814c-7124-4803-a381-5aa387d614d8"}
{"ts":"2026-03-18T11:17:09.669Z","type":"http","instanceId":"2f309402-ee3f-45cc-8f61-92d5c8b76204","method":"GET","path":"/rooms/permanent","status":304,"durationMs":1,"ip":"::1"}
{"ts":"2026-03-18T11:17:13.421Z","type":"http","instanceId":"2f309402-ee3f-45cc-8f61-92d5c8b76204","method":"GET","path":"/ice","status":304,"durationMs":1,"ip":"::1"}
{"ts":"2026-03-18T11:17:13.430Z","type":"peer-joined","instanceId":"2f309402-ee3f-45cc-8f61-92d5c8b76204","roomId":"86a5834c-addc-4695-85a2-88f687f5fee5","peerId":"74c66c74-52e5-476c-a246-8519059dab5c"}
{"ts":"2026-03-18T11:17:17.176Z","type":"peer-left","instanceId":"2f309402-ee3f-45cc-8f61-92d5c8b76204","roomId":"86a5834c-addc-4695-85a2-88f687f5fee5","peerId":"74c66c74-52e5-476c-a246-8519059dab5c"}
{"ts":"2026-03-18T11:17:17.947Z","type":"http","instanceId":"2f309402-ee3f-45cc-8f61-92d5c8b76204","method":"GET","path":"/ice","status":304,"durationMs":0,"ip":"::1"}
{"ts":"2026-03-18T11:17:17.949Z","type":"peer-joined","instanceId":"2f309402-ee3f-45cc-8f61-92d5c8b76204","roomId":"86a5834c-addc-4695-85a2-88f687f5fee5","peerId":"766e31cc-9ad8-494c-972e-946d64fbd126"}
{"ts":"2026-03-18T11:17:28.723Z","type":"http","instanceId":"2f309402-ee3f-45cc-8f61-92d5c8b76204","method":"GET","path":"/rooms/permanent","status":304,"durationMs":1,"ip":"::1"}
{"ts":"2026-03-18T11:17:35.548Z","type":"http","instanceId":"2f309402-ee3f-45cc-8f61-92d5c8b76204","method":"GET","path":"/ice","status":304,"durationMs":0,"ip":"::1"}
{"ts":"2026-03-18T11:17:35.551Z","type":"peer-joined","instanceId":"2f309402-ee3f-45cc-8f61-92d5c8b76204","roomId":"86a5834c-addc-4695-85a2-88f687f5fee5","peerId":"161e90d8-275b-46a7-8a29-0bee577202cb"}
{"ts":"2026-03-18T11:17:37.174Z","type":"http","instanceId":"2f309402-ee3f-45cc-8f61-92d5c8b76204","method":"GET","path":"/favicon.ico","status":404,"durationMs":1,"ip":"::1"}
{"ts":"2026-03-18T11:17:42.674Z","type":"http","instanceId":"2f309402-ee3f-45cc-8f61-92d5c8b76204","method":"GET","path":"/favicon.ico","status":404,"durationMs":0,"ip":"::1"}
{"ts":"2026-03-18T11:21:38.231Z","type":"http","instanceId":"2f309402-ee3f-45cc-8f61-92d5c8b76204","method":"GET","path":"/.well-known/appspecific/com.chrome.devtools.json","status":404,"durationMs":0,"ip":"::1"}
{"ts":"2026-03-18T11:21:44.988Z","type":"peer-left","instanceId":"2f309402-ee3f-45cc-8f61-92d5c8b76204","roomId":"86a5834c-addc-4695-85a2-88f687f5fee5","peerId":"766e31cc-9ad8-494c-972e-946d64fbd126"}
{"ts":"2026-03-18T11:21:45.008Z","type":"http","instanceId":"2f309402-ee3f-45cc-8f61-92d5c8b76204","method":"GET","path":"/.well-known/appspecific/com.chrome.devtools.json","status":404,"durationMs":1,"ip":"::1"}
{"ts":"2026-03-18T11:21:48.124Z","type":"http","instanceId":"2f309402-ee3f-45cc-8f61-92d5c8b76204","method":"GET","path":"/rooms/permanent","status":304,"durationMs":0,"ip":"::1"}
{"ts":"2026-03-18T11:21:52.553Z","type":"http","instanceId":"2f309402-ee3f-45cc-8f61-92d5c8b76204","method":"GET","path":"/ice","status":304,"durationMs":1,"ip":"::1"}
{"ts":"2026-03-18T11:21:52.556Z","type":"peer-joined","instanceId":"2f309402-ee3f-45cc-8f61-92d5c8b76204","roomId":"86a5834c-addc-4695-85a2-88f687f5fee5","peerId":"87e01072-b8d5-4124-b71d-fafb0415ea6e"}
{"ts":"2026-03-18T11:21:58.738Z","type":"http","instanceId":"2f309402-ee3f-45cc-8f61-92d5c8b76204","method":"GET","path":"/favicon.ico","status":404,"durationMs":1,"ip":"::1"}
{"ts":"2026-03-18T11:22:33.034Z","type":"http","instanceId":"66c89b76-0926-4d4f-b17c-05fd8851e01c","method":"GET","path":"/.well-known/appspecific/com.chrome.devtools.json","status":404,"durationMs":1,"ip":"::1"}
{"ts":"2026-03-18T11:22:35.128Z","type":"http","instanceId":"66c89b76-0926-4d4f-b17c-05fd8851e01c","method":"GET","path":"/rooms/permanent","status":304,"durationMs":1,"ip":"::1"}
{"ts":"2026-03-18T11:22:38.426Z","type":"http","instanceId":"66c89b76-0926-4d4f-b17c-05fd8851e01c","method":"GET","path":"/ice","status":304,"durationMs":1,"ip":"::1"}
{"ts":"2026-03-18T11:22:38.432Z","type":"peer-joined","instanceId":"66c89b76-0926-4d4f-b17c-05fd8851e01c","roomId":"86a5834c-addc-4695-85a2-88f687f5fee5","peerId":"4aaf34f1-514d-441e-9051-8a381cd184cb"}
{"ts":"2026-03-18T11:22:41.334Z","type":"peer-left","instanceId":"66c89b76-0926-4d4f-b17c-05fd8851e01c","roomId":"86a5834c-addc-4695-85a2-88f687f5fee5","peerId":"4aaf34f1-514d-441e-9051-8a381cd184cb"}
{"ts":"2026-03-18T11:22:41.794Z","type":"http","instanceId":"66c89b76-0926-4d4f-b17c-05fd8851e01c","method":"GET","path":"/ice","status":304,"durationMs":0,"ip":"::1"}
{"ts":"2026-03-18T11:22:41.797Z","type":"peer-joined","instanceId":"66c89b76-0926-4d4f-b17c-05fd8851e01c","roomId":"86a5834c-addc-4695-85a2-88f687f5fee5","peerId":"5d9db7f6-daee-4d2e-b6fd-329a2a1052c2"}
{"ts":"2026-03-18T11:22:45.347Z","type":"http","instanceId":"66c89b76-0926-4d4f-b17c-05fd8851e01c","method":"GET","path":"/favicon.ico","status":404,"durationMs":1,"ip":"::1"}
{"ts":"2026-03-18T11:22:51.961Z","type":"http","instanceId":"66c89b76-0926-4d4f-b17c-05fd8851e01c","method":"GET","path":"/rooms/permanent","status":304,"durationMs":0,"ip":"::1"}
{"ts":"2026-03-18T11:22:54.393Z","type":"http","instanceId":"66c89b76-0926-4d4f-b17c-05fd8851e01c","method":"GET","path":"/ice","status":304,"durationMs":1,"ip":"::1"}
{"ts":"2026-03-18T11:22:54.396Z","type":"peer-joined","instanceId":"66c89b76-0926-4d4f-b17c-05fd8851e01c","roomId":"86a5834c-addc-4695-85a2-88f687f5fee5","peerId":"29eb0597-8ea1-43fa-b214-68f4150461ed"}
{"ts":"2026-03-18T11:22:56.515Z","type":"http","instanceId":"66c89b76-0926-4d4f-b17c-05fd8851e01c","method":"GET","path":"/favicon.ico","status":404,"durationMs":0,"ip":"::1"}
{"ts":"2026-03-18T11:25:46.346Z","type":"http","instanceId":"8d5a4114-5ca4-4e26-a04d-59da7d792378","method":"GET","path":"/.well-known/appspecific/com.chrome.devtools.json","status":404,"durationMs":2,"ip":"::1"}
{"ts":"2026-03-18T11:25:48.575Z","type":"http","instanceId":"8d5a4114-5ca4-4e26-a04d-59da7d792378","method":"GET","path":"/rooms/permanent","status":304,"durationMs":1,"ip":"::1"}
{"ts":"2026-03-18T11:25:51.262Z","type":"http","instanceId":"8d5a4114-5ca4-4e26-a04d-59da7d792378","method":"GET","path":"/ice","status":304,"durationMs":1,"ip":"::1"}
{"ts":"2026-03-18T11:25:51.270Z","type":"peer-joined","instanceId":"8d5a4114-5ca4-4e26-a04d-59da7d792378","roomId":"86a5834c-addc-4695-85a2-88f687f5fee5","peerId":"8eeb5f4b-0d1a-4e58-a933-a689e9d74053"}
{"ts":"2026-03-18T11:25:58.800Z","type":"http","instanceId":"8d5a4114-5ca4-4e26-a04d-59da7d792378","method":"GET","path":"/rooms/permanent","status":304,"durationMs":1,"ip":"::1"}
{"ts":"2026-03-18T11:26:00.985Z","type":"http","instanceId":"8d5a4114-5ca4-4e26-a04d-59da7d792378","method":"GET","path":"/ice","status":304,"durationMs":1,"ip":"::1"}
{"ts":"2026-03-18T11:26:00.987Z","type":"peer-joined","instanceId":"8d5a4114-5ca4-4e26-a04d-59da7d792378","roomId":"86a5834c-addc-4695-85a2-88f687f5fee5","peerId":"faddcafc-6e99-44c6-844c-56f836369d1a"}
{"ts":"2026-03-18T11:26:03.711Z","type":"http","instanceId":"8d5a4114-5ca4-4e26-a04d-59da7d792378","method":"GET","path":"/favicon.ico","status":404,"durationMs":0,"ip":"::1"}
{"ts":"2026-03-18T11:26:21.379Z","type":"peer-left","instanceId":"8d5a4114-5ca4-4e26-a04d-59da7d792378","roomId":"86a5834c-addc-4695-85a2-88f687f5fee5","peerId":"8eeb5f4b-0d1a-4e58-a933-a689e9d74053"}
{"ts":"2026-03-18T11:26:21.740Z","type":"http","instanceId":"8d5a4114-5ca4-4e26-a04d-59da7d792378","method":"GET","path":"/ice","status":304,"durationMs":0,"ip":"::1"}
{"ts":"2026-03-18T11:26:21.743Z","type":"peer-joined","instanceId":"8d5a4114-5ca4-4e26-a04d-59da7d792378","roomId":"86a5834c-addc-4695-85a2-88f687f5fee5","peerId":"d92345a8-3394-470e-abad-17c28c20af97"}
{"ts":"2026-03-18T11:26:25.484Z","type":"http","instanceId":"8d5a4114-5ca4-4e26-a04d-59da7d792378","method":"GET","path":"/favicon.ico","status":404,"durationMs":0,"ip":"::1"}
{"ts":"2026-03-18T11:29:42.664Z","type":"peer-left","instanceId":"8d5a4114-5ca4-4e26-a04d-59da7d792378","roomId":"86a5834c-addc-4695-85a2-88f687f5fee5","peerId":"d92345a8-3394-470e-abad-17c28c20af97"}
{"ts":"2026-03-18T11:29:45.168Z","type":"http","instanceId":"8d5a4114-5ca4-4e26-a04d-59da7d792378","method":"GET","path":"/rooms/permanent","status":304,"durationMs":0,"ip":"::1"}
{"ts":"2026-03-18T11:29:47.806Z","type":"http","instanceId":"8d5a4114-5ca4-4e26-a04d-59da7d792378","method":"GET","path":"/ice","status":304,"durationMs":0,"ip":"::1"}
{"ts":"2026-03-18T11:29:47.810Z","type":"peer-joined","instanceId":"8d5a4114-5ca4-4e26-a04d-59da7d792378","roomId":"86a5834c-addc-4695-85a2-88f687f5fee5","peerId":"eff70d8e-a897-4196-b610-5274d2700fb0"}
{"ts":"2026-03-18T11:29:55.646Z","type":"http","instanceId":"8d5a4114-5ca4-4e26-a04d-59da7d792378","method":"GET","path":"/favicon.ico","status":404,"durationMs":1,"ip":"::1"}
